{
  "RSpec": {
    "coverage": {
      "/Users/megangosnell/Desktop/till_tech_test/spec/till_spec.rb": {
        "lines": [
          1,
          null,
          1,
          2,
          1,
          1,
          1,
          null,
          null,
          null
        ]
      },
      "/Users/megangosnell/Desktop/till_tech_test/lib/till.rb": {
        "lines": [
          1,
          null,
          1,
          1,
          null,
          null
        ]
      }
    },
    "timestamp": 1615634589
  }
}
